2024-06-13T08:00:00  chore: routine maintenance
2024-06-27T15:17:07  docs: clarify usage notes
2024-08-11T10:34:14  test: add edge case
2024-08-26T17:51:21  refactor: tidy internals
2024-09-16T12:08:28  fix: handle empty input gracefully
2024-10-01T19:25:35  perf: micro-optimization
2024-11-15T14:42:42  style: formatting
2024-11-30T09:59:49  chore: bump dev tooling
2024-12-21T16:16:56  docs: expand examples
2025-01-29T11:33:03  test: strengthen coverage
2025-02-19T18:50:10  chore: tune defaults
2025-03-06T13:07:17  refactor: simplify helper
2025-03-27T08:24:24  chore: routine maintenance
2025-05-05T15:41:31  docs: clarify usage notes
2025-05-26T10:58:38  test: add edge case
2025-06-10T17:15:45  refactor: tidy internals
2025-07-01T12:32:52  fix: handle empty input gracefully
2025-07-22T19:49:59  perf: micro-optimization
2025-08-30T14:06:06  style: formatting
2025-09-20T09:23:13  chore: bump dev tooling
2025-10-05T16:40:20  docs: expand examples
2025-11-19T11:57:27  test: strengthen coverage
2025-12-04T18:14:34  chore: tune defaults
2025-12-25T13:31:41  refactor: simplify helper
2026-01-09T08:48:48  chore: routine maintenance
2026-02-23T15:05:55  docs: clarify usage notes
